<?xml version="1.0" encoding="UTF-8"?>
<testng-results ignored="0" total="5" passed="5" failed="0" skipped="0">
  <reporter-output>
  </reporter-output>
  <suite started-at="2025-12-19T18:50:30 WIB" name="Default suite" finished-at="2025-12-19T18:50:58 WIB" duration-ms="28207">
    <groups>
    </groups>
    <test started-at="2025-12-19T18:50:30 WIB" name="Default test" finished-at="2025-12-19T18:50:58 WIB" duration-ms="28207">
      <class name="test.TestOne">
        <test-method is-config="true" signature="setup()[pri:0, instance:test.TestOne@65fb9ffc]" started-at="2025-12-19T18:50:30 WIB" name="setup" finished-at="2025-12-19T18:50:31 WIB" duration-ms="505" status="PASS">
          <reporter-output>
          </reporter-output>
        </test-method> <!-- setup -->
        <test-method signature="testGetDefaultPersons()[pri:0, instance:test.TestOne@65fb9ffc]" started-at="2025-12-19T18:50:31 WIB" name="testGetDefaultPersons" description="Verify that fetching persons returns 10 items by default" finished-at="2025-12-19T18:50:38 WIB" duration-ms="7095" status="PASS">
          <reporter-output>
          </reporter-output>
        </test-method> <!-- testGetDefaultPersons -->
        <test-method signature="testLocalization()[pri:0, instance:test.TestOne@65fb9ffc]" started-at="2025-12-19T18:50:38 WIB" name="testLocalization" description="Verify localized data for French locale" finished-at="2025-12-19T18:50:39 WIB" duration-ms="1460" status="PASS">
          <reporter-output>
          </reporter-output>
        </test-method> <!-- testLocalization -->
        <test-method signature="testMaximum()[pri:0, instance:test.TestOne@65fb9ffc]" started-at="2025-12-19T18:50:39 WIB" name="testMaximum" description="Verify Maximum Quantity Limit caps at 1000" finished-at="2025-12-19T18:50:54 WIB" duration-ms="14516" status="PASS">
          <reporter-output>
          </reporter-output>
        </test-method> <!-- testMaximum -->
        <test-method signature="testNegative()[pri:0, instance:test.TestOne@65fb9ffc]" started-at="2025-12-19T18:50:54 WIB" name="testNegative" description="Negative test for Invalid resource" finished-at="2025-12-19T18:50:55 WIB" duration-ms="1336" status="PASS">
          <reporter-output>
          </reporter-output>
        </test-method> <!-- testNegative -->
        <test-method signature="testSeedConsistency()[pri:0, instance:test.TestOne@65fb9ffc]" started-at="2025-12-19T18:50:55 WIB" name="testSeedConsistency" description="Verify that same seed parameter results in identical data" finished-at="2025-12-19T18:50:58 WIB" duration-ms="3222" status="PASS">
          <reporter-output>
          </reporter-output>
        </test-method> <!-- testSeedConsistency -->
      </class> <!-- test.TestOne -->
    </test> <!-- Default test -->
  </suite> <!-- Default suite -->
</testng-results>
