<?xml version="1.0" encoding="UTF-8"?>
<!-- Generated by org.testng.reporters.JUnitReportReporter -->
<testsuite hostname="OWIDIANT" failures="0" tests="5" name="test.TestOne" time="17.280" errors="0" timestamp="2025-12-19T15:05:49 WIB" skipped="0">
  <testcase classname="test.TestOne" name="testLocalization" time="1.378"/>
  <testcase classname="test.TestOne" name="testSeedConsistency" time="3.224"/>
  <testcase classname="test.TestOne" name="testNegative" time="1.308"/>
  <testcase classname="test.TestOne" name="testGetDefaultPersons" time="5.624"/>
  <testcase classname="test.TestOne" name="testMaximum" time="5.746"/>
</testsuite> <!-- test.TestOne -->
