<?xml version="1.0" encoding="UTF-8"?>
<!-- Generated by org.testng.reporters.JUnitReportReporter -->
<testsuite hostname="OWIDIANT" failures="0" tests="5" name="test.TestOne" time="27.629" errors="0" timestamp="2025-12-19T18:50:58 WIB" skipped="0">
  <testcase classname="test.TestOne" name="testMaximum" time="14.516"/>
  <testcase classname="test.TestOne" name="testLocalization" time="1.460"/>
  <testcase classname="test.TestOne" name="testSeedConsistency" time="3.222"/>
  <testcase classname="test.TestOne" name="testGetDefaultPersons" time="7.095"/>
  <testcase classname="test.TestOne" name="testNegative" time="1.336"/>
</testsuite> <!-- test.TestOne -->
