<?xml version="1.0" encoding="UTF-8"?>
<!-- Generated by org.testng.reporters.JUnitXMLReporter -->
<testsuite ignored="0" hostname="OWIDIANT" failures="0" tests="5" name="Default test" time="28.207" errors="0" timestamp="2025-12-19T18:50:58 WIB">
  <testcase classname="test.TestOne" name="testGetDefaultPersons" time="7.095"/>
  <testcase classname="test.TestOne" name="testLocalization" time="1.46"/>
  <testcase classname="test.TestOne" name="testMaximum" time="14.516"/>
  <testcase classname="test.TestOne" name="testNegative" time="1.336"/>
  <testcase classname="test.TestOne" name="testSeedConsistency" time="3.222"/>
</testsuite> <!-- Default test -->
